{
  "RSpec": {
    "coverage": {
      "C:/Users/Mark/Desktop/giveforward_api/app/controllers/users_controller.rb": [
        1,
        1,
        1,
        null,
        null,
        1,
        1,
        1,
        null,
        null,
        1,
        1,
        null,
        null,
        1,
        3,
        2,
        null,
        1,
        null,
        null,
        null
      ],
      "C:/Users/Mark/Desktop/giveforward_api/app/controllers/application_controller.rb": [
        1,
        1,
        null
      ],
      "C:/Users/Mark/Desktop/giveforward_api/app/models/user.rb": [
        1,
        1,
        1,
        null,
        1,
        null,
        1,
        3,
        null,
        null
      ]
    },
    "timestamp": 1380131096
  }
}
