{
  "RSpec": {
    "coverage": {
      "C:/Users/Mark/Desktop/giveforward_api/app/models/donation.rb": [
        1,
        1,
        1,
        null,
        1,
        null
      ],
      "C:/Users/Mark/Desktop/giveforward_api/app/models/fundraiser.rb": [
        1,
        1,
        1,
        1,
        null,
        1,
        null,
        1,
        null
      ],
      "C:/Users/Mark/Desktop/giveforward_api/app/models/user.rb": [
        1,
        1,
        1,
        1,
        null,
        1,
        null,
        1,
        null,
        1,
        null,
        1,
        null,
        1,
        12,
        null,
        null
      ],
      "C:/Users/Mark/Desktop/giveforward_api/app/controllers/fundraisers_controller.rb": [
        1,
        1,
        0,
        0,
        null,
        0,
        null,
        null,
        null,
        1,
        2,
        1,
        1,
        null,
        1,
        null,
        null,
        null,
        1,
        2,
        1,
        null,
        1,
        null,
        null,
        null,
        1,
        1,
        1,
        null,
        0,
        null,
        null,
        null,
        1,
        1,
        1,
        null,
        0,
        null,
        null,
        null,
        1,
        1,
        1,
        null,
        0,
        null,
        null,
        null
      ],
      "C:/Users/Mark/Desktop/giveforward_api/app/controllers/application_controller.rb": [
        1,
        1,
        null
      ],
      "C:/Users/Mark/Desktop/giveforward_api/app/controllers/users_controller.rb": [
        1,
        1,
        1,
        null,
        null,
        1,
        1,
        1,
        null,
        null,
        1,
        1,
        0,
        null,
        null,
        null,
        null,
        null,
        1,
        3,
        2,
        null,
        1,
        null,
        null,
        null
      ]
    },
    "timestamp": 1380142643
  }
}
